<?xml version="1.0" encoding="UTF-8"?>
<!-- Generated by org.testng.reporters.JUnitReportReporter -->
<testsuite skipped="0" hostname="DESKTOP-QA7IFKP" name="com.TestNG.Base.AddedDoctorDetailstest" tests="1" failures="0" timestamp="2022-08-25T11:45:22 IST" time="4.606" errors="0">
  <testcase name="check_added_doctor_details" time="4.606" classname="com.TestNG.Base.AddedDoctorDetailstest"/>
  <system-out/>
</testsuite> <!-- com.TestNG.Base.AddedDoctorDetailstest -->
